<?xml version="1.0" encoding="UTF-8"?>
<!-- Generated by org.testng.reporters.JUnitReportReporter -->
<testsuite hostname="User-PC" failures="0" tests="2" name="Runnerfile.TestRunner" time="126.385" errors="0" timestamp="2024-04-22T18:00:38 IST" skipped="0">
  <testcase classname="Runnerfile.TestRunner" name="runScenario" time="33.961"/>
  <system-out/>
  <testcase classname="Runnerfile.TestRunner" name="runScenario" time="92.424"/>
  <system-out/>
</testsuite> <!-- Runnerfile.TestRunner -->
