<?xml version="1.0" encoding="UTF-8"?>
<!-- Generated by org.testng.reporters.JUnitReportReporter -->
<testsuite hostname="DESKTOP-6DKNH69" failures="0" tests="2" name="BDDCuucmberRunnerFile.RunnnerFile" time="80.324" errors="0" timestamp="2023-12-08T17:39:14 IST" skipped="0">
  <testcase classname="BDDCuucmberRunnerFile.RunnnerFile" name="runScenario" time="5.311"/>
  <system-out/>
  <testcase classname="BDDCuucmberRunnerFile.RunnnerFile" name="runScenario" time="75.013"/>
  <system-out/>
</testsuite> <!-- BDDCuucmberRunnerFile.RunnnerFile -->
