<?xml version="1.0" encoding="UTF-8"?>
<!-- Generated by org.testng.reporters.JUnitReportReporter -->
<testsuite hostname="DESKTOP-6DKNH69" failures="0" tests="2" name="StepDefination.testNG" time="0.017" errors="0" timestamp="2023-12-14T18:15:58 IST" skipped="0">
  <testcase classname="StepDefination.testNG" name="username" time="0.011"/>
  <system-out/>
  <testcase classname="StepDefination.testNG" name="finalname" time="0.006"/>
  <system-out/>
</testsuite> <!-- StepDefination.testNG -->
